#
# A fatal error has been detected by the Java Runtime Environment:
#
#  EXCEPTION_ACCESS_VIOLATION (0xc0000005) at pc=0x000001db908e9ee5, pid=6372, tid=11728
#
# JRE version: OpenJDK Runtime Environment (11.0.11+9) (build 11.0.11+9-b60-7590822)
# Java VM: OpenJDK 64-Bit Server VM (11.0.11+9-b60-7590822, mixed mode, tiered, compressed oops, g1 gc, windows-amd64)
# Problematic frame:
# C  0x000001db908e9ee5
#
# No core dump will be written. Minidumps are not enabled by default on client versions of Windows
#
# If you would like to submit a bug report, please visit:
#   https://bugreport.java.com/bugreport/crash.jsp
#

---------------  S U M M A R Y ------------

Command Line: --add-opens=java.base/java.util=ALL-UNNAMED --add-opens=java.base/java.lang=ALL-UNNAMED --add-opens=java.base/java.lang.invoke=ALL-UNNAMED --add-opens=java.base/java.util=ALL-UNNAMED --add-opens=java.prefs/java.util.prefs=ALL-UNNAMED --add-opens=java.prefs/java.util.prefs=ALL-UNNAMED --add-opens=java.base/java.nio.charset=ALL-UNNAMED --add-opens=java.base/java.net=ALL-UNNAMED --add-opens=java.base/java.util.concurrent.atomic=ALL-UNNAMED -Xmx2048m -Dfile.encoding=UTF-8 -Duser.country=US -Duser.language=en -Duser.variant org.gradle.launcher.daemon.bootstrap.GradleDaemon 7.2

Host: Intel(R) Celeron(R) N4000 CPU @ 1.10GHz, 2 cores, 3G,  Windows 10 , 64 bit Build 19041 (10.0.19041.1645)
Time: Tue Apr 26 12:44:45 2022 SE Asia Standard Time elapsed time: 83.602406 seconds (0d 0h 1m 23s)

---------------  T H R E A D  ---------------

Current thread (0x000001db5bad7800):  JavaThread "Daemon worker" [_thread_in_Java, id=11728, stack(0x000000c32df00000,0x000000c32e000000)]

Stack: [0x000000c32df00000,0x000000c32e000000],  sp=0x000000c32dff7780,  free space=989k
Native frames: (J=compiled Java code, j=interpreted, Vv=VM code, C=native code)
C  0x000001db908e9ee5


siginfo: EXCEPTION_ACCESS_VIOLATION (0xc0000005), data execution prevention violation at address 0x000001db908e9ee5


Register to memory mapping:

RIP=0x000001db908e9ee5 is an unknown value
RAX=0x00000000826afb90 is an oop: java.io.File 
{0x00000000826afb90} - klass: 'java/io/File'
RBX=0x0 is NULL
RCX=0x0000000000000004 is an unknown value
RDX=0x000000c32dff7728 is pointing into the stack for thread: 0x000001db5bad7800
RSP=0x000000c32dff7780 is pointing into the stack for thread: 0x000001db5bad7800
RBP=0x000000c32dff77d0 is pointing into the stack for thread: 0x000001db5bad7800
RSI=0x0000000080222cc8 is an oop: java.io.WinNTFileSystem 
{0x0000000080222cc8} - klass: 'java/io/WinNTFileSystem'
RDI=
[error occurred during error reporting (printing register info), id 0xc0000005, EXCEPTION_ACCESS_VIOLATION (0xc0000005) at pc=0x00007ffa81c1d266]

Registers:
RAX=0x00000000826afb90, RBX=0x0000000000000000, RCX=0x0000000000000004, RDX=0x000000c32dff7728
RSP=0x000000c32dff7780, RBP=0x000000c32dff77d0, RSI=0x0000000080222cc8, RDI=0x0000000084d9e5c0
R8 =0x0000000000000000, R9 =0x0000000080222bc8, R10=0x00007ffa8248c71a, R11=0x000001db4c3bf060
R12=0x0000000000000000, R13=0x000001db5fd81e43, R14=0x000000c32dff77f8, R15=0x000001db5bad7800
RIP=0x000001db908e9ee5, EFLAGS=0x0000000000010246

Top of Stack: (sp=0x000000c32dff7780)
0x000000c32dff7780:   00000000826afb38 000000c32dff7788
0x000000c32dff7790:   000001db5fd81e43 000000c32dff77f8
0x000000c32dff77a0:   000001db5fd81fd8 0000000000000000
0x000000c32dff77b0:   00000000815356b0 000001db5fd81eb8
0x000000c32dff77c0:   0000000000000000 000000c32dff77f0
0x000000c32dff77d0:   000000c32dff7848 000001db448e9e40
0x000000c32dff77e0:   0000000000000000 0000000084d9e530
0x000000c32dff77f0:   00000000831b9598 00000000826afb38
0x000000c32dff7800:   000000c32dff7800 000001db5e839c42
0x000000c32dff7810:   000000c32dff7870 000001db5e83b008
0x000000c32dff7820:   0000000000000000 000000008102d3d8
0x000000c32dff7830:   000001db5e839c90 000000c32dff77f0
0x000000c32dff7840:   000000c32dff7860 000000c32dff78c0
0x000000c32dff7850:   000001db448e9e40 0000000000000000
0x000000c32dff7860:   0000000081536000 00000000831b9598
0x000000c32dff7870:   00000000826afb38 000000c32dff7878 

Instructions: (pc=0x000001db908e9ee5)
0x000001db908e9de5:   ?? ?? ?? ?? ?? ?? ?? ?? ?? ?? ?? ?? ?? ?? ?? ??
0x000001db908e9df5:   ?? ?? ?? ?? ?? ?? ?? ?? ?? ?? ?? ?? ?? ?? ?? ??
0x000001db908e9e05:   ?? ?? ?? ?? ?? ?? ?? ?? ?? ?? ?? ?? ?? ?? ?? ??
0x000001db908e9e15:   ?? ?? ?? ?? ?? ?? ?? ?? ?? ?? ?? ?? ?? ?? ?? ??
0x000001db908e9e25:   ?? ?? ?? ?? ?? ?? ?? ?? ?? ?? ?? ?? ?? ?? ?? ??
0x000001db908e9e35:   ?? ?? ?? ?? ?? ?? ?? ?? ?? ?? ?? ?? ?? ?? ?? ??
0x000001db908e9e45:   ?? ?? ?? ?? ?? ?? ?? ?? ?? ?? ?? ?? ?? ?? ?? ??
0x000001db908e9e55:   ?? ?? ?? ?? ?? ?? ?? ?? ?? ?? ?? ?? ?? ?? ?? ??
0x000001db908e9e65:   ?? ?? ?? ?? ?? ?? ?? ?? ?? ?? ?? ?? ?? ?? ?? ??
0x000001db908e9e75:   ?? ?? ?? ?? ?? ?? ?? ?? ?? ?? ?? ?? ?? ?? ?? ??
0x000001db908e9e85:   ?? ?? ?? ?? ?? ?? ?? ?? ?? ?? ?? ?? ?? ?? ?? ??
0x000001db908e9e95:   ?? ?? ?? ?? ?? ?? ?? ?? ?? ?? ?? ?? ?? ?? ?? ??
0x000001db908e9ea5:   ?? ?? ?? ?? ?? ?? ?? ?? ?? ?? ?? ?? ?? ?? ?? ??
0x000001db908e9eb5:   ?? ?? ?? ?? ?? ?? ?? ?? ?? ?? ?? ?? ?? ?? ?? ??
0x000001db908e9ec5:   ?? ?? ?? ?? ?? ?? ?? ?? ?? ?? ?? ?? ?? ?? ?? ??
0x000001db908e9ed5:   ?? ?? ?? ?? ?? ?? ?? ?? ?? ?? ?? ?? ?? ?? ?? ??
0x000001db908e9ee5:   ?? ?? ?? ?? ?? ?? ?? ?? ?? ?? ?? ?? ?? ?? ?? ??
0x000001db908e9ef5:   ?? ?? ?? ?? ?? ?? ?? ?? ?? ?? ?? ?? ?? ?? ?? ??
0x000001db908e9f05:   ?? ?? ?? ?? ?? ?? ?? ?? ?? ?? ?? ?? ?? ?? ?? ??
0x000001db908e9f15:   ?? ?? ?? ?? ?? ?? ?? ?? ?? ?? ?? ?? ?? ?? ?? ??
0x000001db908e9f25:   ?? ?? ?? ?? ?? ?? ?? ?? ?? ?? ?? ?? ?? ?? ?? ??
0x000001db908e9f35:   ?? ?? ?? ?? ?? ?? ?? ?? ?? ?? ?? ?? ?? ?? ?? ??
0x000001db908e9f45:   ?? ?? ?? ?? ?? ?? ?? ?? ?? ?? ?? ?? ?? ?? ?? ??
0x000001db908e9f55:   ?? ?? ?? ?? ?? ?? ?? ?? ?? ?? ?? ?? ?? ?? ?? ??
0x000001db908e9f65:   ?? ?? ?? ?? ?? ?? ?? ?? ?? ?? ?? ?? ?? ?? ?? ??
0x000001db908e9f75:   ?? ?? ?? ?? ?? ?? ?? ?? ?? ?? ?? ?? ?? ?? ?? ??
0x000001db908e9f85:   ?? ?? ?? ?? ?? ?? ?? ?? ?? ?? ?? ?? ?? ?? ?? ??
0x000001db908e9f95:   ?? ?? ?? ?? ?? ?? ?? ?? ?? ?? ?? ?? ?? ?? ?? ??
0x000001db908e9fa5:   ?? ?? ?? ?? ?? ?? ?? ?? ?? ?? ?? ?? ?? ?? ?? ??
0x000001db908e9fb5:   ?? ?? ?? ?? ?? ?? ?? ?? ?? ?? ?? ?? ?? ?? ?? ??
0x000001db908e9fc5:   ?? ?? ?? ?? ?? ?? ?? ?? ?? ?? ?? ?? ?? ?? ?? ??
0x000001db908e9fd5:   ?? ?? ?? ?? ?? ?? ?? ?? ?? ?? ?? ?? ?? ?? ?? ?? 


Stack slot to memory mapping:
stack at sp + 0 slots: 0x00000000826afb38 is an oop: org.gradle.api.internal.file.BaseDirFileResolver 
{0x00000000826afb38} - klass: 'org/gradle/api/internal/file/BaseDirFileResolver'
stack at sp + 1 slots: 0x000000c32dff7788 is pointing into the stack for thread: 0x000001db5bad7800
stack at sp + 2 slots: 0x000001db5fd81e43 is pointing into metadata
stack at sp + 3 slots: 0x000000c32dff77f8 is pointing into the stack for thread: 0x000001db5bad7800
stack at sp + 4 slots: 0x000001db5fd81fd8 is pointing into metadata
stack at sp + 5 slots: 0x0 is NULL
stack at sp + 6 slots: 0x00000000815356b0 is an oop: java.lang.Class 
{0x00000000815356b0} - klass: 'java/lang/Class'
stack at sp + 7 slots: {method} {0x000001db5fd81ec0} 'doResolve' '(Ljava/lang/Object;)Ljava/io/File;' in 'org/gradle/api/internal/file/AbstractBaseDirFileResolver'


---------------  P R O C E S S  ---------------

Threads class SMR info:
_java_thread_list=0x000001db614ce1f0, length=55, elements={
0x000001db40ddd800, 0x000001db5a651000, 0x000001db5a654000, 0x000001db5a6b1000,
0x000001db5a6b2000, 0x000001db5a6b3000, 0x000001db5a6bc800, 0x000001db5a6bd800,
0x000001db5a6d1000, 0x000001db5b028800, 0x000001db5b1bb000, 0x000001db5c117800,
0x000001db5bef1800, 0x000001db5bf3d000, 0x000001db5bb96800, 0x000001db5bb97800,
0x000001db5bad7800, 0x000001db5c7ff800, 0x000001db5cffa800, 0x000001db5cffe800,
0x000001db5cff9800, 0x000001db5cff9000, 0x000001db5cffb000, 0x000001db5cffc000,
0x000001db5cffd000, 0x000001db5cffd800, 0x000001db5cfff800, 0x000001db5c9b5000,
0x000001db5c9b8800, 0x000001db5c9b9000, 0x000001db5c9b6800, 0x000001db5c9b4000,
0x000001db5c9bd000, 0x000001db5c9b7800, 0x000001db5c9bc800, 0x000001db5c9be000,
0x000001db5c9bf000, 0x000001db5c9bb800, 0x000001db5c9bb000, 0x000001db5c9bf800,
0x000001db5c9c0800, 0x000001db5c9c1800, 0x000001db5c9c2000, 0x000001db5c9c3000,
0x000001db5ca23000, 0x000001db5ca20800, 0x000001db5ca1e000, 0x000001db5ca1d800,
0x000001db5ca21800, 0x000001db5ca22000, 0x000001db5ca1f800, 0x000001db5ca24000,
0x000001db5ca24800, 0x000001db5ca1f000, 0x000001db5ca2a800
}

Java Threads: ( => current thread )
  0x000001db40ddd800 JavaThread "main" [_thread_blocked, id=12548, stack(0x000000c32c700000,0x000000c32c800000)]
  0x000001db5a651000 JavaThread "Reference Handler" daemon [_thread_blocked, id=12000, stack(0x000000c32ce00000,0x000000c32cf00000)]
  0x000001db5a654000 JavaThread "Finalizer" daemon [_thread_blocked, id=1888, stack(0x000000c32cf00000,0x000000c32d000000)]
  0x000001db5a6b1000 JavaThread "Signal Dispatcher" daemon [_thread_blocked, id=11376, stack(0x000000c32d000000,0x000000c32d100000)]
  0x000001db5a6b2000 JavaThread "Attach Listener" daemon [_thread_blocked, id=7840, stack(0x000000c32d100000,0x000000c32d200000)]
  0x000001db5a6b3000 JavaThread "Service Thread" daemon [_thread_blocked, id=2532, stack(0x000000c32d200000,0x000000c32d300000)]
  0x000001db5a6bc800 JavaThread "C2 CompilerThread0" daemon [_thread_blocked, id=4924, stack(0x000000c32d300000,0x000000c32d400000)]
  0x000001db5a6bd800 JavaThread "C1 CompilerThread0" daemon [_thread_blocked, id=9568, stack(0x000000c32d400000,0x000000c32d500000)]
  0x000001db5a6d1000 JavaThread "Sweeper thread" daemon [_thread_blocked, id=12740, stack(0x000000c32d500000,0x000000c32d600000)]
  0x000001db5b028800 JavaThread "Common-Cleaner" daemon [_thread_blocked, id=10728, stack(0x000000c32d600000,0x000000c32d700000)]
  0x000001db5b1bb000 JavaThread "Daemon health stats" [_thread_blocked, id=8896, stack(0x000000c32d900000,0x000000c32da00000)]
  0x000001db5c117800 JavaThread "Incoming local TCP Connector on port 49821" [_thread_in_native, id=11412, stack(0x000000c32da00000,0x000000c32db00000)]
  0x000001db5bef1800 JavaThread "Daemon periodic checks" [_thread_blocked, id=12108, stack(0x000000c32db00000,0x000000c32dc00000)]
  0x000001db5bf3d000 JavaThread "Daemon" [_thread_blocked, id=11568, stack(0x000000c32dc00000,0x000000c32dd00000)]
  0x000001db5bb96800 JavaThread "Handler for socket connection from /127.0.0.1:49821 to /127.0.0.1:49822" [_thread_in_native, id=13252, stack(0x000000c32dd00000,0x000000c32de00000)]
  0x000001db5bb97800 JavaThread "Cancel handler" [_thread_blocked, id=14116, stack(0x000000c32de00000,0x000000c32df00000)]
=>0x000001db5bad7800 JavaThread "Daemon worker" [_thread_in_Java, id=11728, stack(0x000000c32df00000,0x000000c32e000000)]
  0x000001db5c7ff800 JavaThread "Asynchronous log dispatcher for DefaultDaemonConnection: socket connection from /127.0.0.1:49821 to /127.0.0.1:49822" [_thread_blocked, id=10908, stack(0x000000c32e000000,0x000000c32e100000)]
  0x000001db5cffa800 JavaThread "Daemon client event forwarder" [_thread_blocked, id=2820, stack(0x000000c32e200000,0x000000c32e300000)]
  0x000001db5cffe800 JavaThread "Cache worker for journal cache (C:\Users\ASUS\.gradle\caches\journal-1)" [_thread_blocked, id=14200, stack(0x000000c32e300000,0x000000c32e400000)]
  0x000001db5cff9800 JavaThread "File lock request listener" [_thread_in_native, id=9640, stack(0x000000c32e400000,0x000000c32e500000)]
  0x000001db5cff9000 JavaThread "Cache worker for file hash cache (C:\Users\ASUS\.gradle\caches\7.2\fileHashes)" [_thread_blocked, id=11948, stack(0x000000c32e500000,0x000000c32e600000)]
  0x000001db5cffb000 JavaThread "Cache worker for file hash cache (E:\Manen\.gradle\7.2\fileHashes)" [_thread_blocked, id=3348, stack(0x000000c32e600000,0x000000c32e700000)]
  0x000001db5cffc000 JavaThread "File watcher server" daemon [_thread_in_native, id=1388, stack(0x000000c32e700000,0x000000c32e800000)]
  0x000001db5cffd000 JavaThread "File watcher consumer" daemon [_thread_blocked, id=12092, stack(0x000000c32e800000,0x000000c32e900000)]
  0x000001db5cffd800 JavaThread "Cache worker for checksums cache (E:\Manen\.gradle\checksums)" [_thread_blocked, id=11252, stack(0x000000c32e900000,0x000000c32ea00000)]
  0x000001db5cfff800 JavaThread "Cache worker for cache directory md-supplier (C:\Users\ASUS\.gradle\caches\7.2\md-supplier)" [_thread_blocked, id=12036, stack(0x000000c32ea00000,0x000000c32eb00000)]
  0x000001db5c9b5000 JavaThread "Cache worker for cache directory md-rule (C:\Users\ASUS\.gradle\caches\7.2\md-rule)" [_thread_blocked, id=12060, stack(0x000000c32eb00000,0x000000c32ec00000)]
  0x000001db5c9b8800 JavaThread "Cache worker for execution history cache (C:\Users\ASUS\.gradle\caches\7.2\executionHistory)" [_thread_blocked, id=9860, stack(0x000000c32ec00000,0x000000c32ed00000)]
  0x000001db5c9b9000 JavaThread "jar transforms" [_thread_blocked, id=13576, stack(0x000000c32ed00000,0x000000c32ee00000)]
  0x000001db5c9b6800 JavaThread "Cache worker for file content cache (C:\Users\ASUS\.gradle\caches\7.2\fileContent)" [_thread_blocked, id=2332, stack(0x000000c32ee00000,0x000000c32ef00000)]
  0x000001db5c9b4000 JavaThread "jar transforms Thread 2" [_thread_blocked, id=9204, stack(0x000000c32ef00000,0x000000c32f000000)]
  0x000001db5c9bd000 JavaThread "Cache worker for dependencies-accessors (E:\Manen\.gradle\7.2\dependencies-accessors)" [_thread_blocked, id=13912, stack(0x000000c32f000000,0x000000c32f100000)]
  0x000001db5c9b7800 JavaThread "Cache worker for Build Output Cleanup Cache (E:\Manen\.gradle\buildOutputCleanup)" [_thread_blocked, id=12772, stack(0x000000c32f100000,0x000000c32f200000)]
  0x000001db5c9bc800 JavaThread "Unconstrained build operations" [_thread_blocked, id=12308, stack(0x000000c32f200000,0x000000c32f300000)]
  0x000001db5c9be000 JavaThread "Unconstrained build operations Thread 2" [_thread_blocked, id=9300, stack(0x000000c32f300000,0x000000c32f400000)]
  0x000001db5c9bf000 JavaThread "Unconstrained build operations Thread 3" [_thread_blocked, id=13868, stack(0x000000c32f400000,0x000000c32f500000)]
  0x000001db5c9bb800 JavaThread "Unconstrained build operations Thread 4" [_thread_blocked, id=11820, stack(0x000000c32f500000,0x000000c32f600000)]
  0x000001db5c9bb000 JavaThread "Unconstrained build operations Thread 5" [_thread_blocked, id=11524, stack(0x000000c32f600000,0x000000c32f700000)]
  0x000001db5c9bf800 JavaThread "Unconstrained build operations Thread 6" [_thread_blocked, id=1880, stack(0x000000c32f700000,0x000000c32f800000)]
  0x000001db5c9c0800 JavaThread "Unconstrained build operations Thread 7" [_thread_blocked, id=116, stack(0x000000c32f800000,0x000000c32f900000)]
  0x000001db5c9c1800 JavaThread "Unconstrained build operations Thread 8" [_thread_blocked, id=13012, stack(0x000000c32f900000,0x000000c32fa00000)]
  0x000001db5c9c2000 JavaThread "Unconstrained build operations Thread 9" [_thread_blocked, id=13464, stack(0x000000c32fa00000,0x000000c32fb00000)]
  0x000001db5c9c3000 JavaThread "Unconstrained build operations Thread 10" [_thread_blocked, id=2124, stack(0x000000c32fb00000,0x000000c32fc00000)]
  0x000001db5ca23000 JavaThread "Unconstrained build operations Thread 11" [_thread_blocked, id=1156, stack(0x000000c32fc00000,0x000000c32fd00000)]
  0x000001db5ca20800 JavaThread "Unconstrained build operations Thread 12" [_thread_blocked, id=11344, stack(0x000000c32fd00000,0x000000c32fe00000)]
  0x000001db5ca1e000 JavaThread "Unconstrained build operations Thread 13" [_thread_blocked, id=14248, stack(0x000000c32fe00000,0x000000c32ff00000)]
  0x000001db5ca1d800 JavaThread "Unconstrained build operations Thread 14" [_thread_blocked, id=12428, stack(0x000000c32ff00000,0x000000c330000000)]
  0x000001db5ca21800 JavaThread "Unconstrained build operations Thread 15" [_thread_blocked, id=10476, stack(0x000000c330000000,0x000000c330100000)]
  0x000001db5ca22000 JavaThread "Unconstrained build operations Thread 16" [_thread_blocked, id=13124, stack(0x000000c330100000,0x000000c330200000)]
  0x000001db5ca1f800 JavaThread "Unconstrained build operations Thread 17" [_thread_blocked, id=7928, stack(0x000000c330200000,0x000000c330300000)]
  0x000001db5ca24000 JavaThread "Unconstrained build operations Thread 18" [_thread_blocked, id=7372, stack(0x000000c330300000,0x000000c330400000)]
  0x000001db5ca24800 JavaThread "Unconstrained build operations Thread 19" [_thread_blocked, id=3292, stack(0x000000c330400000,0x000000c330500000)]
  0x000001db5ca1f000 JavaThread "Unconstrained build operations Thread 20" [_thread_blocked, id=472, stack(0x000000c330500000,0x000000c330600000)]
  0x000001db5ca2a800 JavaThread "Memory manager" [_thread_blocked, id=3100, stack(0x000000c32c400000,0x000000c32c500000)]

Other Threads:
  0x000001db5a64e800 VMThread "VM Thread" [stack: 0x000000c32cd00000,0x000000c32ce00000] [id=10896] _threads_hazard_ptr=0x000001db614ce1f0
  0x000001db5b058800 WatcherThread [stack: 0x000000c32d700000,0x000000c32d800000] [id=13620]
  0x000001db40df7000 GCTaskThread "GC Thread#0" [stack: 0x000000c32c800000,0x000000c32c900000] [id=7916]
  0x000001db5b1d8000 GCTaskThread "GC Thread#1" [stack: 0x000000c32d800000,0x000000c32d900000] [id=10412]
  0x000001db40e27000 ConcurrentGCThread "G1 Main Marker" [stack: 0x000000c32c900000,0x000000c32ca00000] [id=12400]
  0x000001db40e28800 ConcurrentGCThread "G1 Conc#0" [stack: 0x000000c32ca00000,0x000000c32cb00000] [id=13700]
  0x000001db40e79000 ConcurrentGCThread "G1 Refine#0" [stack: 0x000000c32cb00000,0x000000c32cc00000] [id=1228]
  0x000001db40e7a000 ConcurrentGCThread "G1 Young RemSet Sampling" [stack: 0x000000c32cc00000,0x000000c32cd00000] [id=8208]

Threads with active compile tasks:
C2 CompilerThread0  84855 7427 %     4       org.gradle.internal.instantiation.generator.AbstractClassGenerator::inspectType @ 250 (560 bytes)

VM state:synchronizing (normal execution)

VM Mutex/Monitor currently owned by a thread:  ([mutex/lock_event])
[0x000001db40dd99c0] Safepoint_lock - owner thread: 0x000001db5a64e800
[0x000001db40dda2c0] Threads_lock - owner thread: 0x000001db5a64e800

Heap address: 0x0000000080000000, size: 2048 MB, Compressed Oops mode: 32-bit
Narrow klass base: 0x0000000000000000, Narrow klass shift: 3
Compressed class space size: 1073741824 Address: 0x0000000100000000

Heap:
 garbage-first heap   total 92160K, used 72273K [0x0000000080000000, 0x0000000100000000)
  region size 1024K, 16 young (16384K), 3 survivors (3072K)
 Metaspace       used 77038K, capacity 78787K, committed 78972K, reserved 1118208K
  class space    used 10036K, capacity 10728K, committed 10752K, reserved 1048576K
Heap Regions: E=young(eden), S=young(survivor), O=old, HS=humongous(starts), HC=humongous(continues), CS=collection set, F=free, A=archive, TAMS=top-at-mark-start (previous, next)
|   0|0x0000000080000000, 0x0000000080100000, 0x0000000080100000|100%| O|  |TAMS 0x0000000080100000, 0x0000000080000000| Untracked 
|   1|0x0000000080100000, 0x0000000080200000, 0x0000000080200000|100%| O|  |TAMS 0x0000000080200000, 0x0000000080100000| Untracked 
|   2|0x0000000080200000, 0x0000000080300000, 0x0000000080300000|100%| O|  |TAMS 0x0000000080300000, 0x0000000080200000| Untracked 
|   3|0x0000000080300000, 0x0000000080400000, 0x0000000080400000|100%| O|  |TAMS 0x0000000080400000, 0x0000000080300000| Untracked 
|   4|0x0000000080400000, 0x0000000080500000, 0x0000000080500000|100%|HS|  |TAMS 0x0000000080500000, 0x0000000080400000| Complete 
|   5|0x0000000080500000, 0x0000000080600000, 0x0000000080600000|100%|HC|  |TAMS 0x0000000080600000, 0x0000000080500000| Complete 
|   6|0x0000000080600000, 0x0000000080700000, 0x0000000080700000|100%|HC|  |TAMS 0x0000000080700000, 0x0000000080600000| Complete 
|   7|0x0000000080700000, 0x0000000080800000, 0x0000000080800000|100%| O|  |TAMS 0x0000000080800000, 0x0000000080700000| Untracked 
|   8|0x0000000080800000, 0x0000000080900000, 0x0000000080900000|100%| O|  |TAMS 0x0000000080900000, 0x0000000080800000| Untracked 
|   9|0x0000000080900000, 0x0000000080a00000, 0x0000000080a00000|100%| O|  |TAMS 0x0000000080a00000, 0x0000000080900000| Untracked 
|  10|0x0000000080a00000, 0x0000000080b00000, 0x0000000080b00000|100%| O|  |TAMS 0x0000000080b00000, 0x0000000080a00000| Untracked 
|  11|0x0000000080b00000, 0x0000000080c00000, 0x0000000080c00000|100%| O|  |TAMS 0x0000000080c00000, 0x0000000080b00000| Untracked 
|  12|0x0000000080c00000, 0x0000000080d00000, 0x0000000080d00000|100%| O|  |TAMS 0x0000000080d00000, 0x0000000080c00000| Untracked 
|  13|0x0000000080d00000, 0x0000000080e00000, 0x0000000080e00000|100%| O|  |TAMS 0x0000000080e00000, 0x0000000080d00000| Untracked 
|  14|0x0000000080e00000, 0x0000000080f00000, 0x0000000080f00000|100%| O|  |TAMS 0x0000000080f00000, 0x0000000080e00000| Untracked 
|  15|0x0000000080f00000, 0x0000000081000000, 0x0000000081000000|100%| O|  |TAMS 0x0000000081000000, 0x0000000080f00000| Untracked 
|  16|0x0000000081000000, 0x0000000081100000, 0x0000000081100000|100%| O|  |TAMS 0x0000000081100000, 0x0000000081000000| Untracked 
|  17|0x0000000081100000, 0x0000000081200000, 0x0000000081200000|100%| O|  |TAMS 0x0000000081200000, 0x0000000081100000| Untracked 
|  18|0x0000000081200000, 0x0000000081300000, 0x0000000081300000|100%| O|  |TAMS 0x0000000081300000, 0x0000000081200000| Untracked 
|  19|0x0000000081300000, 0x0000000081400000, 0x0000000081400000|100%| O|  |TAMS 0x0000000081400000, 0x0000000081300000| Untracked 
|  20|0x0000000081400000, 0x0000000081500000, 0x0000000081500000|100%| O|  |TAMS 0x0000000081500000, 0x0000000081400000| Untracked 
|  21|0x0000000081500000, 0x0000000081600000, 0x0000000081600000|100%| O|  |TAMS 0x0000000081600000, 0x0000000081500000| Untracked 
|  22|0x0000000081600000, 0x0000000081700000, 0x0000000081700000|100%| O|  |TAMS 0x0000000081700000, 0x0000000081600000| Untracked 
|  23|0x0000000081700000, 0x0000000081800000, 0x0000000081800000|100%| O|  |TAMS 0x0000000081800000, 0x0000000081700000| Untracked 
|  24|0x0000000081800000, 0x0000000081900000, 0x0000000081900000|100%| O|  |TAMS 0x0000000081900000, 0x0000000081800000| Untracked 
|  25|0x0000000081900000, 0x0000000081a00000, 0x0000000081a00000|100%| O|  |TAMS 0x0000000081a00000, 0x0000000081900000| Untracked 
|  26|0x0000000081a00000, 0x0000000081b00000, 0x0000000081b00000|100%| O|  |TAMS 0x0000000081b00000, 0x0000000081a00000| Untracked 
|  27|0x0000000081b00000, 0x0000000081c00000, 0x0000000081c00000|100%| O|  |TAMS 0x0000000081c00000, 0x0000000081b00000| Untracked 
|  28|0x0000000081c00000, 0x0000000081d00000, 0x0000000081d00000|100%|HS|  |TAMS 0x0000000081d00000, 0x0000000081c00000| Complete 
|  29|0x0000000081d00000, 0x0000000081e00000, 0x0000000081e00000|100%|HS|  |TAMS 0x0000000081e00000, 0x0000000081d00000| Complete 
|  30|0x0000000081e00000, 0x0000000081f00000, 0x0000000081f00000|100%|HS|  |TAMS 0x0000000081f00000, 0x0000000081e00000| Complete 
|  31|0x0000000081f00000, 0x0000000082000000, 0x0000000082000000|100%|HS|  |TAMS 0x0000000082000000, 0x0000000081f00000| Complete 
|  32|0x0000000082000000, 0x0000000082100000, 0x0000000082100000|100%|HC|  |TAMS 0x0000000082100000, 0x0000000082000000| Complete 
|  33|0x0000000082100000, 0x0000000082200000, 0x0000000082200000|100%| O|  |TAMS 0x0000000082200000, 0x0000000082100000| Untracked 
|  34|0x0000000082200000, 0x0000000082300000, 0x0000000082300000|100%| O|  |TAMS 0x0000000082300000, 0x0000000082200000| Untracked 
|  35|0x0000000082300000, 0x0000000082400000, 0x0000000082400000|100%| O|  |TAMS 0x0000000082400000, 0x0000000082300000| Untracked 
|  36|0x0000000082400000, 0x0000000082500000, 0x0000000082500000|100%| O|  |TAMS 0x0000000082500000, 0x0000000082400000| Untracked 
|  37|0x0000000082500000, 0x0000000082600000, 0x0000000082600000|100%| O|  |TAMS 0x0000000082600000, 0x0000000082500000| Untracked 
|  38|0x0000000082600000, 0x0000000082700000, 0x0000000082700000|100%| O|  |TAMS 0x0000000082700000, 0x0000000082600000| Untracked 
|  39|0x0000000082700000, 0x0000000082800000, 0x0000000082800000|100%| O|  |TAMS 0x0000000082800000, 0x0000000082700000| Untracked 
|  40|0x0000000082800000, 0x0000000082900000, 0x0000000082900000|100%| O|  |TAMS 0x0000000082900000, 0x0000000082800000| Untracked 
|  41|0x0000000082900000, 0x0000000082a00000, 0x0000000082a00000|100%| O|  |TAMS 0x0000000082a00000, 0x0000000082900000| Untracked 
|  42|0x0000000082a00000, 0x0000000082b00000, 0x0000000082b00000|100%| O|  |TAMS 0x0000000082b00000, 0x0000000082a00000| Untracked 
|  43|0x0000000082b00000, 0x0000000082c00000, 0x0000000082c00000|100%| O|  |TAMS 0x0000000082c00000, 0x0000000082b00000| Untracked 
|  44|0x0000000082c00000, 0x0000000082d00000, 0x0000000082d00000|100%| O|  |TAMS 0x0000000082d00000, 0x0000000082c00000| Untracked 
|  45|0x0000000082d00000, 0x0000000082e00000, 0x0000000082e00000|100%| O|  |TAMS 0x0000000082e00000, 0x0000000082d00000| Untracked 
|  46|0x0000000082e00000, 0x0000000082f00000, 0x0000000082f00000|100%| O|  |TAMS 0x0000000082f00000, 0x0000000082e00000| Untracked 
|  47|0x0000000082f00000, 0x0000000083000000, 0x0000000083000000|100%| O|  |TAMS 0x0000000083000000, 0x0000000082f00000| Untracked 
|  48|0x0000000083000000, 0x0000000083100000, 0x0000000083100000|100%| O|  |TAMS 0x0000000083100000, 0x0000000083000000| Untracked 
|  49|0x0000000083100000, 0x0000000083200000, 0x0000000083200000|100%| O|  |TAMS 0x0000000083200000, 0x0000000083100000| Untracked 
|  50|0x0000000083200000, 0x0000000083300000, 0x0000000083300000|100%| O|  |TAMS 0x0000000083300000, 0x0000000083200000| Untracked 
|  51|0x0000000083300000, 0x0000000083400000, 0x0000000083400000|100%| O|  |TAMS 0x0000000083400000, 0x0000000083300000| Untracked 
|  52|0x0000000083400000, 0x0000000083500000, 0x0000000083500000|100%| O|  |TAMS 0x0000000083500000, 0x0000000083400000| Untracked 
|  53|0x0000000083500000, 0x0000000083600000, 0x0000000083600000|100%| O|  |TAMS 0x0000000083600000, 0x0000000083500000| Untracked 
|  54|0x0000000083600000, 0x0000000083700000, 0x0000000083700000|100%| O|  |TAMS 0x0000000083700000, 0x0000000083600000| Untracked 
|  55|0x0000000083700000, 0x0000000083800000, 0x0000000083800000|100%| O|  |TAMS 0x0000000083800000, 0x0000000083700000| Untracked 
|  56|0x0000000083800000, 0x000000008382a400, 0x0000000083900000| 16%| O|  |TAMS 0x000000008382a400, 0x0000000083800000| Untracked 
|  57|0x0000000083900000, 0x0000000083900000, 0x0000000083a00000|  0%| F|  |TAMS 0x0000000083900000, 0x0000000083900000| Untracked 
|  58|0x0000000083a00000, 0x0000000083a00000, 0x0000000083b00000|  0%| F|  |TAMS 0x0000000083a00000, 0x0000000083a00000| Untracked 
|  59|0x0000000083b00000, 0x0000000083b00000, 0x0000000083c00000|  0%| F|  |TAMS 0x0000000083b00000, 0x0000000083b00000| Untracked 
|  60|0x0000000083c00000, 0x0000000083c00000, 0x0000000083d00000|  0%| F|  |TAMS 0x0000000083c00000, 0x0000000083c00000| Untracked 
|  61|0x0000000083d00000, 0x0000000083d00000, 0x0000000083e00000|  0%| F|  |TAMS 0x0000000083d00000, 0x0000000083d00000| Untracked 
|  62|0x0000000083e00000, 0x0000000083e00000, 0x0000000083f00000|  0%| F|  |TAMS 0x0000000083e00000, 0x0000000083e00000| Untracked 
|  63|0x0000000083f00000, 0x0000000083f00000, 0x0000000084000000|  0%| F|  |TAMS 0x0000000083f00000, 0x0000000083f00000| Untracked 
|  64|0x0000000084000000, 0x0000000084000000, 0x0000000084100000|  0%| F|  |TAMS 0x0000000084000000, 0x0000000084000000| Untracked 
|  65|0x0000000084100000, 0x0000000084100000, 0x0000000084200000|  0%| F|  |TAMS 0x0000000084100000, 0x0000000084100000| Untracked 
|  66|0x0000000084200000, 0x0000000084200000, 0x0000000084300000|  0%| F|  |TAMS 0x0000000084200000, 0x0000000084200000| Untracked 
|  67|0x0000000084300000, 0x0000000084300000, 0x0000000084400000|  0%| F|  |TAMS 0x0000000084300000, 0x0000000084300000| Untracked 
|  68|0x0000000084400000, 0x0000000084400000, 0x0000000084500000|  0%| F|  |TAMS 0x0000000084400000, 0x0000000084400000| Untracked 
|  69|0x0000000084500000, 0x0000000084500000, 0x0000000084600000|  0%| F|  |TAMS 0x0000000084500000, 0x0000000084500000| Untracked 
|  70|0x0000000084600000, 0x000000008466a200, 0x0000000084700000| 41%| S|CS|TAMS 0x0000000084600000, 0x0000000084600000| Complete 
|  71|0x0000000084700000, 0x0000000084700000, 0x0000000084800000|  0%| F|  |TAMS 0x0000000084700000, 0x0000000084700000| Untracked 
|  72|0x0000000084800000, 0x0000000084800000, 0x0000000084900000|  0%| F|  |TAMS 0x0000000084800000, 0x0000000084800000| Untracked 
|  73|0x0000000084900000, 0x0000000084a00000, 0x0000000084a00000|100%| S|CS|TAMS 0x0000000084900000, 0x0000000084900000| Complete 
|  74|0x0000000084a00000, 0x0000000084b00000, 0x0000000084b00000|100%| S|CS|TAMS 0x0000000084a00000, 0x0000000084a00000| Complete 
|  75|0x0000000084b00000, 0x0000000084b00000, 0x0000000084c00000|  0%| F|  |TAMS 0x0000000084b00000, 0x0000000084b00000| Untracked 
|  76|0x0000000084c00000, 0x0000000084c00000, 0x0000000084d00000|  0%| F|  |TAMS 0x0000000084c00000, 0x0000000084c00000| Untracked 
|  77|0x0000000084d00000, 0x0000000084dd9e10, 0x0000000084e00000| 85%| E|  |TAMS 0x0000000084d00000, 0x0000000084d00000| Complete 
|  78|0x0000000084e00000, 0x0000000084f00000, 0x0000000084f00000|100%| E|CS|TAMS 0x0000000084e00000, 0x0000000084e00000| Complete 
|  79|0x0000000084f00000, 0x0000000085000000, 0x0000000085000000|100%| E|CS|TAMS 0x0000000084f00000, 0x0000000084f00000| Complete 
|  80|0x0000000085000000, 0x0000000085100000, 0x0000000085100000|100%| E|CS|TAMS 0x0000000085000000, 0x0000000085000000| Complete 
|  81|0x0000000085100000, 0x0000000085200000, 0x0000000085200000|100%| E|CS|TAMS 0x0000000085100000, 0x0000000085100000| Complete 
|  82|0x0000000085200000, 0x0000000085300000, 0x0000000085300000|100%| E|CS|TAMS 0x0000000085200000, 0x0000000085200000| Complete 
|  83|0x0000000085300000, 0x0000000085400000, 0x0000000085400000|100%| E|CS|TAMS 0x0000000085300000, 0x0000000085300000| Complete 
|  84|0x0000000085400000, 0x0000000085500000, 0x0000000085500000|100%| E|CS|TAMS 0x0000000085400000, 0x0000000085400000| Complete 
|  85|0x0000000085500000, 0x0000000085600000, 0x0000000085600000|100%| E|CS|TAMS 0x0000000085500000, 0x0000000085500000| Complete 
|  86|0x0000000085600000, 0x0000000085700000, 0x0000000085700000|100%| E|CS|TAMS 0x0000000085600000, 0x0000000085600000| Complete 
|  87|0x0000000085700000, 0x0000000085800000, 0x0000000085800000|100%| E|CS|TAMS 0x0000000085700000, 0x0000000085700000| Complete 
|  88|0x0000000085800000, 0x0000000085900000, 0x0000000085900000|100%| E|CS|TAMS 0x0000000085800000, 0x0000000085800000| Complete 
|  89|0x0000000085900000, 0x0000000085a00000, 0x0000000085a00000|100%| E|CS|TAMS 0x0000000085900000, 0x0000000085900000| Complete 

Card table byte_map: [0x000001db53ce0000,0x000001db540e0000] _byte_map_base: 0x000001db538e0000

Marking Bits (Prev, Next): (CMBitMap*) 0x000001db40e1e208, (CMBitMap*) 0x000001db40e1e240
 Prev Bits: [0x000001db544e0000, 0x000001db564e0000)
 Next Bits: [0x000001db564e0000, 0x000001db584e0000)

Polling page: 0x000001db405c0000

Metaspace:

Usage:
  Non-class:     66.46 MB capacity,    65.43 MB ( 98%) used,   864.45 KB (  1%) free+waste,   193.00 KB ( <1%) overhead. 
      Class:     10.48 MB capacity,     9.80 MB ( 94%) used,   601.88 KB (  6%) free+waste,    89.38 KB ( <1%) overhead. 
       Both:     76.94 MB capacity,    75.23 MB ( 98%) used,     1.43 MB (  2%) free+waste,   282.38 KB ( <1%) overhead. 

Virtual space:
  Non-class space:       68.00 MB reserved,      66.62 MB ( 98%) committed 
      Class space:        1.00 GB reserved,      10.50 MB (  1%) committed 
             Both:        1.07 GB reserved,      77.12 MB (  7%) committed 

Chunk freelists:
   Non-Class:  33.00 KB
       Class:  24.00 KB
        Both:  57.00 KB

MaxMetaspaceSize: 17179869184.00 GB
CompressedClassSpaceSize: 1.00 GB

CodeHeap 'non-profiled nmethods': size=120064Kb used=4147Kb max_used=4147Kb free=115916Kb
 bounds [0x000001db4c3a0000, 0x000001db4c7b0000, 0x000001db538e0000]
CodeHeap 'profiled nmethods': size=120000Kb used=16366Kb max_used=16366Kb free=103633Kb
 bounds [0x000001db44e70000, 0x000001db45e70000, 0x000001db4c3a0000]
CodeHeap 'non-nmethods': size=5696Kb used=2259Kb max_used=2301Kb free=3436Kb
 bounds [0x000001db448e0000, 0x000001db44b50000, 0x000001db44e70000]
 total_blobs=8329 nmethods=7462 adapters=779
 compilation: enabled
              stopped_count=0, restarted_count=0
 full_count=0

Compilation events (20 events):
Event: 83.392 Thread 0x000001db5a6bd800 7487       2       org.gradle.internal.instantiation.generator.AsmBackedClassGenerator$ClassInspectionVisitorImpl::builder (237 bytes)
Event: 83.393 Thread 0x000001db5a6bd800 nmethod 7487 0x000001db45e64810 code [0x000001db45e64aa0, 0x000001db45e65318]
Event: 83.395 Thread 0x000001db5a6bd800 7488       2       org.gradle.internal.instantiation.generator.AbstractClassGenerator$AbstractInjectedPropertyHandler::getInjectedServices (59 bytes)
Event: 83.396 Thread 0x000001db5a6bd800 nmethod 7488 0x000001db45e65710 code [0x000001db45e65980, 0x000001db45e66058]
Event: 83.396 Thread 0x000001db5a6bd800 7489       2       org.gradle.internal.instantiation.generator.AbstractClassGenerator$GeneratedClassImpl::<init> (115 bytes)
Event: 83.398 Thread 0x000001db5a6bd800 nmethod 7489 0x000001db45e66490 code [0x000001db45e66760, 0x000001db45e67318]
Event: 83.399 Thread 0x000001db5a6bd800 7490       2       org.gradle.internal.instantiation.generator.AbstractClassGenerator$ManagedPropertiesHandler::<init> (55 bytes)
Event: 83.399 Thread 0x000001db5a6bd800 nmethod 7490 0x000001db45e67890 code [0x000001db45e67a80, 0x000001db45e68058]
Event: 83.399 Thread 0x000001db5a6bd800 7491       2       org.gradle.internal.instantiation.generator.AbstractClassGenerator$DslMixInPropertyType::<init> (40 bytes)
Event: 83.400 Thread 0x000001db5a6bd800 nmethod 7491 0x000001db45e68190 code [0x000001db45e68380, 0x000001db45e688a8]
Event: 83.402 Thread 0x000001db5a6bd800 7493       2       org.gradle.internal.instantiation.generator.AsmBackedClassGenerator$ClassBuilderImpl$$Lambda$541/0x0000000100687440::<init> (26 bytes)
Event: 83.403 Thread 0x000001db5a6bd800 nmethod 7493 0x000001db45e68a10 code [0x000001db45e68bc0, 0x000001db45e68dd8]
Event: 83.403 Thread 0x000001db5a6bd800 7494       2       org.gradle.internal.instantiation.generator.AsmBackedClassGenerator$ClassBuilderImpl::lambda$applyReadOnlyManagedStateToGetter$10 (236 bytes)
Event: 83.404 Thread 0x000001db5a6bd800 nmethod 7494 0x000001db45e68e90 code [0x000001db45e69240, 0x000001db45e69c18]
Event: 83.407 Thread 0x000001db5a6bd800 7495       2       org.gradle.util.internal.DeferredUtil::isNestableDeferred (20 bytes)
Event: 83.408 Thread 0x000001db5a6bd800 nmethod 7495 0x000001db45e6a410 code [0x000001db45e6a5c0, 0x000001db45e6a778]
Event: 83.428 Thread 0x000001db5a6bd800 7496       2       org.apache.commons.io.FilenameUtils::failIfNullBytePresent (37 bytes)
Event: 83.429 Thread 0x000001db5a6bd800 nmethod 7496 0x000001db45e6a810 code [0x000001db45e6aa00, 0x000001db45e6ade8]
Event: 83.432 Thread 0x000001db5a6bd800 7497       2       org.gradle.api.internal.provider.ValueSanitizers$2::sanitize (2 bytes)
Event: 83.432 Thread 0x000001db5a6bd800 nmethod 7497 0x000001db45e6b110 code [0x000001db45e6b2c0, 0x000001db45e6b3b8]

GC Heap History (20 events):
Event: 74.419 GC heap before
{Heap before GC invocations=33 (full 0):
 garbage-first heap   total 76800K, used 63896K [0x0000000080000000, 0x0000000100000000)
  region size 1024K, 13 young (13312K), 2 survivors (2048K)
 Metaspace       used 64748K, capacity 66285K, committed 66556K, reserved 1107968K
  class space    used 8211K, capacity 8813K, committed 8832K, reserved 1048576K
}
Event: 74.428 GC heap after
{Heap after GC invocations=34 (full 0):
 garbage-first heap   total 76800K, used 53554K [0x0000000080000000, 0x0000000100000000)
  region size 1024K, 1 young (1024K), 1 survivors (1024K)
 Metaspace       used 64748K, capacity 66285K, committed 66556K, reserved 1107968K
  class space    used 8211K, capacity 8813K, committed 8832K, reserved 1048576K
}
Event: 75.169 GC heap before
{Heap before GC invocations=34 (full 0):
 garbage-first heap   total 76800K, used 64818K [0x0000000080000000, 0x0000000100000000)
  region size 1024K, 12 young (12288K), 1 survivors (1024K)
 Metaspace       used 65539K, capacity 67063K, committed 67196K, reserved 1107968K
  class space    used 8300K, capacity 8880K, committed 8960K, reserved 1048576K
}
Event: 75.176 GC heap after
{Heap after GC invocations=35 (full 0):
 garbage-first heap   total 76800K, used 54517K [0x0000000080000000, 0x0000000100000000)
  region size 1024K, 2 young (2048K), 2 survivors (2048K)
 Metaspace       used 65539K, capacity 67063K, committed 67196K, reserved 1107968K
  class space    used 8300K, capacity 8880K, committed 8960K, reserved 1048576K
}
Event: 75.869 GC heap before
{Heap before GC invocations=36 (full 0):
 garbage-first heap   total 76800K, used 64757K [0x0000000080000000, 0x0000000100000000)
  region size 1024K, 12 young (12288K), 2 survivors (2048K)
 Metaspace       used 66581K, capacity 68119K, committed 68348K, reserved 1107968K
  class space    used 8453K, capacity 9040K, committed 9088K, reserved 1048576K
}
Event: 75.901 GC heap after
{Heap after GC invocations=37 (full 0):
 garbage-first heap   total 76800K, used 55238K [0x0000000080000000, 0x0000000100000000)
  region size 1024K, 2 young (2048K), 2 survivors (2048K)
 Metaspace       used 66581K, capacity 68119K, committed 68348K, reserved 1107968K
  class space    used 8453K, capacity 9040K, committed 9088K, reserved 1048576K
}
Event: 76.780 GC heap before
{Heap before GC invocations=37 (full 0):
 garbage-first heap   total 76800K, used 63430K [0x0000000080000000, 0x0000000100000000)
  region size 1024K, 11 young (11264K), 2 survivors (2048K)
 Metaspace       used 68005K, capacity 69576K, committed 69628K, reserved 1110016K
  class space    used 8741K, capacity 9335K, committed 9344K, reserved 1048576K
}
Event: 76.800 GC heap after
{Heap after GC invocations=38 (full 0):
 garbage-first heap   total 76800K, used 55661K [0x0000000080000000, 0x0000000100000000)
  region size 1024K, 2 young (2048K), 2 survivors (2048K)
 Metaspace       used 68005K, capacity 69576K, committed 69628K, reserved 1110016K
  class space    used 8741K, capacity 9335K, committed 9344K, reserved 1048576K
}
Event: 77.327 GC heap before
{Heap before GC invocations=39 (full 0):
 garbage-first heap   total 76800K, used 64877K [0x0000000080000000, 0x0000000100000000)
  region size 1024K, 11 young (11264K), 2 survivors (2048K)
 Metaspace       used 69260K, capacity 70819K, committed 70908K, reserved 1110016K
  class space    used 8952K, capacity 9532K, committed 9600K, reserved 1048576K
}
Event: 77.336 GC heap after
{Heap after GC invocations=40 (full 0):
 garbage-first heap   total 76800K, used 56328K [0x0000000080000000, 0x0000000100000000)
  region size 1024K, 2 young (2048K), 2 survivors (2048K)
 Metaspace       used 69260K, capacity 70819K, committed 70908K, reserved 1110016K
  class space    used 8952K, capacity 9532K, committed 9600K, reserved 1048576K
}
Event: 77.638 GC heap before
{Heap before GC invocations=40 (full 0):
 garbage-first heap   total 76800K, used 65544K [0x0000000080000000, 0x0000000100000000)
  region size 1024K, 11 young (11264K), 2 survivors (2048K)
 Metaspace       used 70103K, capacity 71615K, committed 71804K, reserved 1112064K
  class space    used 9059K, capacity 9646K, committed 9728K, reserved 1048576K
}
Event: 77.647 GC heap after
{Heap after GC invocations=41 (full 0):
 garbage-first heap   total 76800K, used 56958K [0x0000000080000000, 0x0000000100000000)
  region size 1024K, 2 young (2048K), 2 survivors (2048K)
 Metaspace       used 70103K, capacity 71615K, committed 71804K, reserved 1112064K
  class space    used 9059K, capacity 9646K, committed 9728K, reserved 1048576K
}
Event: 78.306 GC heap before
{Heap before GC invocations=42 (full 0):
 garbage-first heap   total 76800K, used 65150K [0x0000000080000000, 0x0000000100000000)
  region size 1024K, 10 young (10240K), 2 survivors (2048K)
 Metaspace       used 70700K, capacity 72333K, committed 72444K, reserved 1112064K
  class space    used 9149K, capacity 9794K, committed 9856K, reserved 1048576K
}
Event: 78.317 GC heap after
{Heap after GC invocations=43 (full 0):
 garbage-first heap   total 92160K, used 57646K [0x0000000080000000, 0x0000000100000000)
  region size 1024K, 2 young (2048K), 2 survivors (2048K)
 Metaspace       used 70700K, capacity 72333K, committed 72444K, reserved 1112064K
  class space    used 9149K, capacity 9794K, committed 9856K, reserved 1048576K
}
Event: 79.550 GC heap before
{Heap before GC invocations=43 (full 0):
 garbage-first heap   total 92160K, used 71982K [0x0000000080000000, 0x0000000100000000)
  region size 1024K, 16 young (16384K), 2 survivors (2048K)
 Metaspace       used 71805K, capacity 73430K, committed 73596K, reserved 1114112K
  class space    used 9315K, capacity 9920K, committed 9984K, reserved 1048576K
}
Event: 79.559 GC heap after
{Heap after GC invocations=44 (full 0):
 garbage-first heap   total 92160K, used 58621K [0x0000000080000000, 0x0000000100000000)
  region size 1024K, 2 young (2048K), 2 survivors (2048K)
 Metaspace       used 71805K, capacity 73430K, committed 73596K, reserved 1114112K
  class space    used 9315K, capacity 9920K, committed 9984K, reserved 1048576K
}
Event: 81.408 GC heap before
{Heap before GC invocations=45 (full 0):
 garbage-first heap   total 92160K, used 73981K [0x0000000080000000, 0x0000000100000000)
  region size 1024K, 17 young (17408K), 2 survivors (2048K)
 Metaspace       used 73551K, capacity 75184K, committed 75388K, reserved 1114112K
  class space    used 9585K, capacity 10183K, committed 10240K, reserved 1048576K
}
Event: 81.425 GC heap after
{Heap after GC invocations=46 (full 0):
 garbage-first heap   total 92160K, used 58950K [0x0000000080000000, 0x0000000100000000)
  region size 1024K, 2 young (2048K), 2 survivors (2048K)
 Metaspace       used 73551K, capacity 75184K, committed 75388K, reserved 1114112K
  class space    used 9585K, capacity 10183K, committed 10240K, reserved 1048576K
}
Event: 82.716 GC heap before
{Heap before GC invocations=46 (full 0):
 garbage-first heap   total 92160K, used 74310K [0x0000000080000000, 0x0000000100000000)
  region size 1024K, 17 young (17408K), 2 survivors (2048K)
 Metaspace       used 75951K, capacity 77598K, committed 77820K, reserved 1116160K
  class space    used 9895K, capacity 10528K, committed 10624K, reserved 1048576K
}
Event: 82.727 GC heap after
{Heap after GC invocations=47 (full 0):
 garbage-first heap   total 92160K, used 59985K [0x0000000080000000, 0x0000000100000000)
  region size 1024K, 3 young (3072K), 3 survivors (3072K)
 Metaspace       used 75951K, capacity 77598K, committed 77820K, reserved 1116160K
  class space    used 9895K, capacity 10528K, committed 10624K, reserved 1048576K
}

Deoptimization events (20 events):
Event: 83.176 Thread 0x000001db5bad7800 DEOPT PACKING pc=0x000001db455bf2c4 sp=0x000000c32dff7c70
Event: 83.176 Thread 0x000001db5bad7800 DEOPT UNPACKING pc=0x000001db449066bf sp=0x000000c32dff70a8 mode 0
Event: 83.176 Thread 0x000001db5bad7800 DEOPT PACKING pc=0x000001db455bf3cc sp=0x000000c32dff7ce0
Event: 83.176 Thread 0x000001db5bad7800 DEOPT UNPACKING pc=0x000001db449066bf sp=0x000000c32dff7180 mode 0
Event: 83.176 Thread 0x000001db5bad7800 DEOPT PACKING pc=0x000001db456c75fc sp=0x000000c32dff7d50
Event: 83.176 Thread 0x000001db5bad7800 DEOPT UNPACKING pc=0x000001db449066bf sp=0x000000c32dff7150 mode 0
Event: 83.177 Thread 0x000001db5bad7800 Uncommon trap: trap_request=0xfffffff4 fr.pc=0x000001db4c7a79d4 relative=0x0000000000001ed4
Event: 83.177 Thread 0x000001db5bad7800 Uncommon trap: reason=null_check action=make_not_entrant pc=0x000001db4c7a79d4 method=sun.reflect.generics.visitor.Reifier.reifyTypeArguments([Lsun/reflect/generics/tree/TypeArgument;)[Ljava/lang/reflect/Type; @ 29 c2
Event: 83.177 Thread 0x000001db5bad7800 DEOPT PACKING pc=0x000001db4c7a79d4 sp=0x000000c32dff7dd0
Event: 83.177 Thread 0x000001db5bad7800 DEOPT UNPACKING pc=0x000001db449062a9 sp=0x000000c32dff7d18 mode 2
Event: 83.209 Thread 0x000001db5bad7800 Uncommon trap: trap_request=0xffffff4d fr.pc=0x000001db4c5d666c relative=0x00000000000006ec
Event: 83.209 Thread 0x000001db5bad7800 Uncommon trap: reason=unstable_if action=reinterpret pc=0x000001db4c5d666c method=java.util.HashMap.putVal(ILjava/lang/Object;Ljava/lang/Object;ZZ)Ljava/lang/Object; @ 109 c2
Event: 83.209 Thread 0x000001db5bad7800 DEOPT PACKING pc=0x000001db4c5d666c sp=0x000000c32dff7ba0
Event: 83.209 Thread 0x000001db5bad7800 DEOPT UNPACKING pc=0x000001db449062a9 sp=0x000000c32dff7ab8 mode 2
Event: 83.209 Thread 0x000001db5bad7800 Uncommon trap: trap_request=0xffffff4d fr.pc=0x000001db4c505e10 relative=0x0000000000000690
Event: 83.209 Thread 0x000001db5bad7800 Uncommon trap: reason=unstable_if action=reinterpret pc=0x000001db4c505e10 method=java.util.HashMap.putVal(ILjava/lang/Object;Ljava/lang/Object;ZZ)Ljava/lang/Object; @ 109 c2
Event: 83.209 Thread 0x000001db5bad7800 DEOPT PACKING pc=0x000001db4c505e10 sp=0x000000c32dff7af0
Event: 83.209 Thread 0x000001db5bad7800 DEOPT UNPACKING pc=0x000001db449062a9 sp=0x000000c32dff7aa8 mode 2
Event: 83.270 Thread 0x000001db5bad7800 DEOPT PACKING pc=0x000001db45aa7654 sp=0x000000c32dff7e40
Event: 83.270 Thread 0x000001db5bad7800 DEOPT UNPACKING pc=0x000001db449066bf sp=0x000000c32dff73e0 mode 0

Classes redefined (0 events):
No events

Internal exceptions (20 events):
Event: 74.483 Thread 0x000001db5bad7800 Exception <a 'java/lang/ClassNotFoundException'{0x000000008464cb80}: org/gradle/api/internal/artifacts/dsl/dependencies/DefaultDependencyHandlerBeanInfo> (0x000000008464cb80) thrown at [./src/hotspot/share/classfile/systemDictionary.cpp, line 231]
Event: 74.487 Thread 0x000001db5bad7800 Exception <a 'java/lang/ClassNotFoundException'{0x00000000846925c8}: org/gradle/api/internal/artifacts/dsl/dependencies/DefaultDependencyHandlerCustomizer> (0x00000000846925c8) thrown at [./src/hotspot/share/classfile/systemDictionary.cpp, line 231]
Event: 74.490 Thread 0x000001db5bad7800 Exception <a 'java/lang/ClassNotFoundException'{0x0000000084501988}: org/gradle/api/internal/artifacts/dsl/dependencies/DefaultDependencyHandler_DecoratedCustomizer> (0x0000000084501988) thrown at [./src/hotspot/share/classfile/systemDictionary.cpp, line 231]
Event: 77.881 Thread 0x000001db5bad7800 Exception <a 'java/lang/ClassNotFoundException'{0x0000000084a25c40}: com/android/build/gradle/internal/api/ApkVariantOutputImpl_DecoratedBeanInfo> (0x0000000084a25c40) thrown at [./src/hotspot/share/classfile/systemDictionary.cpp, line 231]
Event: 77.882 Thread 0x000001db5bad7800 Exception <a 'java/lang/ClassNotFoundException'{0x0000000084a3f738}: com/android/build/gradle/internal/api/ApkVariantOutputImplBeanInfo> (0x0000000084a3f738) thrown at [./src/hotspot/share/classfile/systemDictionary.cpp, line 231]
Event: 77.883 Thread 0x000001db5bad7800 Exception <a 'java/lang/ClassNotFoundException'{0x0000000084a599d0}: com/android/build/gradle/internal/api/BaseVariantOutputImplBeanInfo> (0x0000000084a599d0) thrown at [./src/hotspot/share/classfile/systemDictionary.cpp, line 231]
Event: 77.884 Thread 0x000001db5bad7800 Exception <a 'java/lang/ClassNotFoundException'{0x0000000084a73a48}: com/android/build/gradle/internal/api/BaseVariantOutputImplCustomizer> (0x0000000084a73a48) thrown at [./src/hotspot/share/classfile/systemDictionary.cpp, line 231]
Event: 77.885 Thread 0x000001db5bad7800 Exception <a 'java/lang/ClassNotFoundException'{0x0000000084aa03e0}: com/android/build/gradle/internal/api/ApkVariantOutputImplCustomizer> (0x0000000084aa03e0) thrown at [./src/hotspot/share/classfile/systemDictionary.cpp, line 231]
Event: 77.887 Thread 0x000001db5bad7800 Exception <a 'java/lang/ClassNotFoundException'{0x0000000084ac9348}: com/android/build/gradle/internal/api/ApkVariantOutputImpl_DecoratedCustomizer> (0x0000000084ac9348) thrown at [./src/hotspot/share/classfile/systemDictionary.cpp, line 231]
Event: 77.917 Thread 0x000001db5bad7800 Exception <a 'java/lang/NoClassDefFoundError'{0x0000000084832468}: org/jetbrains/kotlin/gradle/plugin/KotlinBasePluginWrapper> (0x0000000084832468) thrown at [./src/hotspot/share/classfile/systemDictionary.cpp, line 220]
Event: 80.176 Thread 0x000001db5bad7800 Exception <a 'sun/nio/fs/WindowsException'{0x0000000085771450}> (0x0000000085771450) thrown at [./src/hotspot/share/prims/jni.cpp, line 615]
Event: 80.176 Thread 0x000001db5bad7800 Exception <a 'sun/nio/fs/WindowsException'{0x0000000085771818}> (0x0000000085771818) thrown at [./src/hotspot/share/prims/jni.cpp, line 615]
Event: 81.165 Thread 0x000001db5bad7800 Exception <a 'java/lang/NullPointerException'{0x0000000084ef3f48}> (0x0000000084ef3f48) thrown at [./src/hotspot/share/interpreter/linkResolver.cpp, line 1440]
Event: 81.915 Thread 0x000001db5bad7800 Exception <a 'java/lang/NoSuchMethodError'{0x0000000084dc1530}: 'int java.lang.invoke.DirectMethodHandle$Holder.invokeStatic(java.lang.Object, java.lang.Object, int, java.lang.Object)'> (0x0000000084dc1530) thrown at [./src/hotspot/share/interpreter/linkResolver.cpp, line 773]
Event: 81.921 Thread 0x000001db5bad7800 Exception <a 'java/lang/NoSuchMethodError'{0x0000000084dc83d8}: 'java.lang.Object java.lang.invoke.Invokers$Holder.linkToTargetMethod(java.lang.Object, int, java.lang.Object)'> (0x0000000084dc83d8) thrown at [./src/hotspot/share/interpreter/linkResolver.cpp, line 773]
Event: 82.299 Thread 0x000001db5bad7800 Exception <a 'sun/nio/fs/WindowsException'{0x0000000084cf91a0}> (0x0000000084cf91a0) thrown at [./src/hotspot/share/prims/jni.cpp, line 615]
Event: 82.300 Thread 0x000001db5bad7800 Exception <a 'sun/nio/fs/WindowsException'{0x0000000084cfa530}> (0x0000000084cfa530) thrown at [./src/hotspot/share/prims/jni.cpp, line 615]
Event: 82.300 Thread 0x000001db5bad7800 Exception <a 'sun/nio/fs/WindowsException'{0x0000000084cfb8f8}> (0x0000000084cfb8f8) thrown at [./src/hotspot/share/prims/jni.cpp, line 615]
Event: 82.300 Thread 0x000001db5bad7800 Exception <a 'sun/nio/fs/WindowsException'{0x0000000084cfccc0}> (0x0000000084cfccc0) thrown at [./src/hotspot/share/prims/jni.cpp, line 615]
Event: 83.177 Thread 0x000001db5bad7800 Implicit null exception at 0x000001db4c7a6631 to 0x000001db4c7a79b0

Events (20 events):
Event: 83.374 loading class com/android/build/gradle/internal/ide/dependencies/ArtifactCollectionsInputsImpl
Event: 83.374 loading class com/android/build/gradle/internal/ide/dependencies/ArtifactCollectionsInputsImpl done
Event: 83.377 loading class com/android/build/gradle/internal/ide/dependencies/ArtifactCollectionsInputs$RuntimeType
Event: 83.377 loading class com/android/build/gradle/internal/ide/dependencies/ArtifactCollectionsInputs$RuntimeType done
Event: 83.378 loading class com/android/build/gradle/internal/ide/dependencies/BuildMappingUtils
Event: 83.378 loading class com/android/build/gradle/internal/ide/dependencies/BuildMappingUtils done
Event: 83.379 loading class com/android/build/gradle/internal/ide/dependencies/ArtifactCollections
Event: 83.379 loading class com/android/build/gradle/internal/ide/dependencies/ArtifactCollections done
Event: 83.383 loading class com/android/build/gradle/internal/ide/dependencies/Level1RuntimeArtifactCollections
Event: 83.383 loading class com/android/build/gradle/internal/ide/dependencies/Level1RuntimeArtifactCollections done
Event: 83.384 loading class com/android/tools/lint/model/LintModelJavaArtifact
Event: 83.384 loading class com/android/tools/lint/model/LintModelJavaArtifact done
Event: 83.400 loading class com/android/tools/lint/model/LintModelSourceProvider
Event: 83.400 loading class com/android/tools/lint/model/LintModelSourceProvider done
Event: 83.408 loading class com/android/build/gradle/internal/core/VariantDslInfoImplKt
Event: 83.408 loading class com/android/build/gradle/internal/core/VariantDslInfoImplKt done
Event: 83.409 loading class com/android/build/gradle/internal/core/VariantDslInfoImplKt$WhenMappings
Event: 83.409 loading class com/android/build/gradle/internal/core/VariantDslInfoImplKt$WhenMappings done
Event: 83.431 loading class org/gradle/api/file/RegularFile
Event: 83.431 loading class org/gradle/api/file/RegularFile done


Dynamic libraries:
0x00007ff705a10000 - 0x00007ff705a1a000 	C:\Program Files\Android\Android Studio\jre\bin\java.exe
0x00007ffaa7470000 - 0x00007ffaa7665000 	C:\WINDOWS\SYSTEM32\ntdll.dll
0x00007ffaa5f70000 - 0x00007ffaa602e000 	C:\WINDOWS\System32\KERNEL32.DLL
0x00007ffaa50a0000 - 0x00007ffaa5368000 	C:\WINDOWS\System32\KERNELBASE.dll
0x00007ffaa4f00000 - 0x00007ffaa5000000 	C:\WINDOWS\System32\ucrtbase.dll
0x00007ffa847b0000 - 0x00007ffa847c7000 	C:\Program Files\Android\Android Studio\jre\bin\VCRUNTIME140.dll
0x00007ffa84590000 - 0x00007ffa845a9000 	C:\Program Files\Android\Android Studio\jre\bin\jli.dll
0x00007ffaa7030000 - 0x00007ffaa71d0000 	C:\WINDOWS\System32\USER32.dll
0x00007ffaa54a0000 - 0x00007ffaa54c2000 	C:\WINDOWS\System32\win32u.dll
0x00007ffaa5ad0000 - 0x00007ffaa5afa000 	C:\WINDOWS\System32\GDI32.dll
0x00007ffaa4df0000 - 0x00007ffaa4efb000 	C:\WINDOWS\System32\gdi32full.dll
0x00007ffaa5000000 - 0x00007ffaa509d000 	C:\WINDOWS\System32\msvcp_win.dll
0x00007ffa8cf60000 - 0x00007ffa8d1fa000 	C:\WINDOWS\WinSxS\amd64_microsoft.windows.common-controls_6595b64144ccf1df_6.0.19041.1110_none_60b5254171f9507e\COMCTL32.dll
0x00007ffaa5a30000 - 0x00007ffaa5ace000 	C:\WINDOWS\System32\msvcrt.dll
0x00007ffaa7000000 - 0x00007ffaa7030000 	C:\WINDOWS\System32\IMM32.DLL
0x00007ffa71790000 - 0x00007ffa7182d000 	C:\Program Files\Android\Android Studio\jre\bin\msvcp140.dll
0x00007ffa81a90000 - 0x00007ffa82565000 	C:\Program Files\Android\Android Studio\jre\bin\server\jvm.dll
0x00007ffaa6030000 - 0x00007ffaa60de000 	C:\WINDOWS\System32\ADVAPI32.dll
0x00007ffaa6f40000 - 0x00007ffaa6fdc000 	C:\WINDOWS\System32\sechost.dll
0x00007ffaa72a0000 - 0x00007ffaa73c5000 	C:\WINDOWS\System32\RPCRT4.dll
0x00007ffaa58a0000 - 0x00007ffaa58a8000 	C:\WINDOWS\System32\PSAPI.DLL
0x00007ffa8fc20000 - 0x00007ffa8fc29000 	C:\WINDOWS\SYSTEM32\WSOCK32.dll
0x00007ffa9eb30000 - 0x00007ffa9eb57000 	C:\WINDOWS\SYSTEM32\WINMM.dll
0x00007ffaa66f0000 - 0x00007ffaa675b000 	C:\WINDOWS\System32\WS2_32.dll
0x00007ffa97f90000 - 0x00007ffa97f9a000 	C:\WINDOWS\SYSTEM32\VERSION.dll
0x00007ffaa37b0000 - 0x00007ffaa37c2000 	C:\WINDOWS\SYSTEM32\kernel.appcore.dll
0x00007ffa9f980000 - 0x00007ffa9f991000 	C:\Program Files\Android\Android Studio\jre\bin\verify.dll
0x00007ffaa3160000 - 0x00007ffaa3344000 	C:\WINDOWS\SYSTEM32\DBGHELP.DLL
0x00007ffa8f510000 - 0x00007ffa8f53c000 	C:\WINDOWS\SYSTEM32\dbgcore.DLL
0x00007ffaa4b90000 - 0x00007ffaa4c12000 	C:\WINDOWS\System32\bcryptPrimitives.dll
0x00007ffa9b910000 - 0x00007ffa9b939000 	C:\Program Files\Android\Android Studio\jre\bin\java.dll
0x00007ffa9f970000 - 0x00007ffa9f97b000 	C:\Program Files\Android\Android Studio\jre\bin\jimage.dll
0x00007ffa9f140000 - 0x00007ffa9f158000 	C:\Program Files\Android\Android Studio\jre\bin\zip.dll
0x00007ffaa67f0000 - 0x00007ffaa6f34000 	C:\WINDOWS\System32\SHELL32.dll
0x00007ffaa28f0000 - 0x00007ffaa3084000 	C:\WINDOWS\SYSTEM32\windows.storage.dll
0x00007ffaa60f0000 - 0x00007ffaa6444000 	C:\WINDOWS\System32\combase.dll
0x00007ffaa4600000 - 0x00007ffaa462c000 	C:\WINDOWS\SYSTEM32\Wldp.dll
0x00007ffaa6590000 - 0x00007ffaa663d000 	C:\WINDOWS\System32\SHCORE.dll
0x00007ffaa73d0000 - 0x00007ffaa7425000 	C:\WINDOWS\System32\shlwapi.dll
0x00007ffaa4ad0000 - 0x00007ffaa4aef000 	C:\WINDOWS\SYSTEM32\profapi.dll
0x00007ffa92060000 - 0x00007ffa9207a000 	C:\Program Files\Android\Android Studio\jre\bin\net.dll
0x00007ffa97850000 - 0x00007ffa9795a000 	C:\WINDOWS\SYSTEM32\WINHTTP.dll
0x00007ffaa42f0000 - 0x00007ffaa435a000 	C:\WINDOWS\system32\mswsock.dll
0x00007ffa91d20000 - 0x00007ffa91d34000 	C:\Program Files\Android\Android Studio\jre\bin\nio.dll
0x00007ffa85480000 - 0x00007ffa854a7000 	C:\Users\ASUS\.gradle\native\e1d6ef7f7dcc3fd88c89a11ec53ec762bb8ba0a96d01ffa2cd45eb1d1d8dd5c5\windows-amd64\native-platform.dll
0x00007ffa61b20000 - 0x00007ffa61c64000 	C:\Users\ASUS\.gradle\native\5664cfc778a61ccfe75a443a1ab52a65af34e5dc3c78e0209fed803814484fcb\windows-amd64\native-platform-file-events.dll
0x00007ffa9f1a0000 - 0x00007ffa9f1aa000 	C:\Program Files\Android\Android Studio\jre\bin\management.dll
0x00007ffa9b900000 - 0x00007ffa9b90d000 	C:\Program Files\Android\Android Studio\jre\bin\management_ext.dll
0x00007ffaa44e0000 - 0x00007ffaa44f8000 	C:\WINDOWS\SYSTEM32\CRYPTSP.dll
0x00007ffaa3c70000 - 0x00007ffaa3ca4000 	C:\WINDOWS\system32\rsaenh.dll
0x00007ffaa53c0000 - 0x00007ffaa53e7000 	C:\WINDOWS\System32\bcrypt.dll
0x00007ffaa4a90000 - 0x00007ffaa4abe000 	C:\WINDOWS\SYSTEM32\USERENV.dll
0x00007ffaa4500000 - 0x00007ffaa450c000 	C:\WINDOWS\SYSTEM32\CRYPTBASE.dll
0x00007ffaa3fe0000 - 0x00007ffaa401b000 	C:\WINDOWS\SYSTEM32\IPHLPAPI.DLL
0x00007ffaa60e0000 - 0x00007ffaa60e8000 	C:\WINDOWS\System32\NSI.dll
0x00007ffa97290000 - 0x00007ffa972a7000 	C:\WINDOWS\SYSTEM32\dhcpcsvc6.DLL
0x00007ffa97740000 - 0x00007ffa9775d000 	C:\WINDOWS\SYSTEM32\dhcpcsvc.DLL
0x00007ffaa4020000 - 0x00007ffaa40eb000 	C:\WINDOWS\SYSTEM32\DNSAPI.dll

dbghelp: loaded successfully - version: 4.0.5 - missing functions: none
symbol engine: initialized successfully - sym options: 0x614 - pdb path: .;C:\Program Files\Android\Android Studio\jre\bin;C:\WINDOWS\SYSTEM32;C:\WINDOWS\WinSxS\amd64_microsoft.windows.common-controls_6595b64144ccf1df_6.0.19041.1110_none_60b5254171f9507e;C:\Program Files\Android\Android Studio\jre\bin\server;C:\Users\ASUS\.gradle\native\e1d6ef7f7dcc3fd88c89a11ec53ec762bb8ba0a96d01ffa2cd45eb1d1d8dd5c5\windows-amd64;C:\Users\ASUS\.gradle\native\5664cfc778a61ccfe75a443a1ab52a65af34e5dc3c78e0209fed803814484fcb\windows-amd64

VM Arguments:
jvm_args: --add-opens=java.base/java.util=ALL-UNNAMED --add-opens=java.base/java.lang=ALL-UNNAMED --add-opens=java.base/java.lang.invoke=ALL-UNNAMED --add-opens=java.base/java.util=ALL-UNNAMED --add-opens=java.prefs/java.util.prefs=ALL-UNNAMED --add-opens=java.prefs/java.util.prefs=ALL-UNNAMED --add-opens=java.base/java.nio.charset=ALL-UNNAMED --add-opens=java.base/java.net=ALL-UNNAMED --add-opens=java.base/java.util.concurrent.atomic=ALL-UNNAMED -Xmx2048m -Dfile.encoding=UTF-8 -Duser.country=US -Duser.language=en -Duser.variant 
java_command: org.gradle.launcher.daemon.bootstrap.GradleDaemon 7.2
java_class_path (initial): C:\Users\ASUS\.gradle\wrapper\dists\gradle-7.2-bin\2dnblmf4td7x66yl1d74lt32g\gradle-7.2\lib\gradle-launcher-7.2.jar
Launcher Type: SUN_STANDARD

[Global flags]
     intx CICompilerCount                          = 2                                         {product} {ergonomic}
     uint ConcGCThreads                            = 1                                         {product} {ergonomic}
     uint G1ConcRefinementThreads                  = 2                                         {product} {ergonomic}
   size_t G1HeapRegionSize                         = 1048576                                   {product} {ergonomic}
    uintx GCDrainStackTargetSize                   = 64                                        {product} {ergonomic}
   size_t InitialHeapSize                          = 65011712                                  {product} {ergonomic}
   size_t MarkStackSize                            = 4194304                                   {product} {ergonomic}
   size_t MaxHeapSize                              = 2147483648                                {product} {command line}
   size_t MaxNewSize                               = 1287651328                                {product} {ergonomic}
   size_t MinHeapDeltaBytes                        = 1048576                                   {product} {ergonomic}
    uintx NonNMethodCodeHeapSize                   = 5825164                                {pd product} {ergonomic}
    uintx NonProfiledCodeHeapSize                  = 122916538                              {pd product} {ergonomic}
    uintx ProfiledCodeHeapSize                     = 122916538                              {pd product} {ergonomic}
    uintx ReservedCodeCacheSize                    = 251658240                              {pd product} {ergonomic}
     bool SegmentedCodeCache                       = true                                      {product} {ergonomic}
     bool UseCompressedClassPointers               = true                                 {lp64_product} {ergonomic}
     bool UseCompressedOops                        = true                                 {lp64_product} {ergonomic}
     bool UseG1GC                                  = true                                      {product} {ergonomic}
     bool UseLargePagesIndividualAllocation        = false                                  {pd product} {ergonomic}

Logging:
Log output configuration:
 #0: stdout all=warning uptime,level,tags
 #1: stderr all=off uptime,level,tags

Environment Variables:
PATH=C:\Program Files\Common Files\Oracle\Java\javapath;C:\WINDOWS\system32;C:\WINDOWS;C:\WINDOWS\System32\Wbem;C:\WINDOWS\System32\WindowsPowerShell\v1.0\;C:\WINDOWS\System32\OpenSSH\;C:\Program Files\mingw-w64\x86_64-8.1.0-posix-seh-rt_v6-rev0\mingw64\bin;C:\Program Files\Mathlab\R2020a\runtime\win64;C:\Program Files\Mathlab\R2020a\bin;C:\Program Files\Mathlab\R2020a\polyspace\bin;C:\Program Files (x86)\IVI Foundation\VISA\WinNT\Bin\;C:\Program Files\IVI Foundation\VISA\Win64\Bin\;C:\Program Files (x86)\National Instruments\Shared\LabVIEW CLI;C:\Program Files (x86)\IVI Foundation\VISA\WinNT\Bin;C:\Program Files\Git\cmd;C:\Users\ASUS\AppData\Local\Microsoft\WindowsApps;C:\Users\ASUS\AppData\Local\Programs\Microsoft VS Code\bin
USERNAME=ASUS
OS=Windows_NT
PROCESSOR_IDENTIFIER=Intel64 Family 6 Model 122 Stepping 1, GenuineIntel



---------------  S Y S T E M  ---------------

OS: Windows 10 , 64 bit Build 19041 (10.0.19041.1645)
OS uptime: 0 days 20:14 hours

CPU:total 2 (initial active 2) (2 cores per cpu, 1 threads per core) family 6 model 122 stepping 1 microcode 0x2e, cmov, cx8, fxsr, mmx, sse, sse2, sse3, ssse3, sse4.1, sse4.2, popcnt, aes, clmul, erms, 3dnowpref, tsc, tscinvbit, sha

Memory: 4k page, system-wide physical 3919M (235M free)
TotalPageFile size 12692M (AvailPageFile size 5317M)
current process WorkingSet (physical memory assigned to process): 301M, peak: 304M
current process commit charge ("private bytes"): 325M, peak: 328M

vm_info: OpenJDK 64-Bit Server VM (11.0.11+9-b60-7590822) for windows-amd64 JRE (11.0.11+9-b60-7590822), built on Jul 29 2021 21:43:44 by "builder" with MS VC++ 14.0 (VS2015)

END.
